<?xml version="1.0" encoding="UTF-8"?>
<testng-results ignored="0" total="1" passed="1" failed="0" skipped="0">
  <reporter-output>
  </reporter-output>
  <suite started-at="2020-06-27T17:25:39 SGT" name="InetBankingV1" finished-at="2020-06-27T17:26:01 SGT" duration-ms="22412">
    <groups>
    </groups>
    <test started-at="2020-06-27T17:25:39 SGT" name="BankingApp Test" finished-at="2020-06-27T17:26:01 SGT" duration-ms="22412">
      <class name="com.InetBanking.TestCases.TC_AddCustTest_003">
        <test-method is-config="true" signature="setUp(java.lang.String)[pri:0, instance:com.InetBanking.TestCases.TC_AddCustTest_003@2d1ef81a]" started-at="2020-06-27T17:25:39 SGT" name="setUp" finished-at="2020-06-27T17:25:45 SGT" duration-ms="6402" status="PASS">
          <params>
            <param index="0">
              <value>
                <![CDATA[chrome]]>
              </value>
            </param>
          </params>
          <reporter-output>
          </reporter-output>
        </test-method> <!-- setUp -->
        <test-method signature="addNewCustomer()[pri:0, instance:com.InetBanking.TestCases.TC_AddCustTest_003@2d1ef81a]" started-at="2020-06-27T17:25:45 SGT" name="addNewCustomer" finished-at="2020-06-27T17:26:00 SGT" duration-ms="15381" status="PASS">
          <reporter-output>
          </reporter-output>
        </test-method> <!-- addNewCustomer -->
        <test-method is-config="true" signature="tearDown()[pri:0, instance:com.InetBanking.TestCases.TC_AddCustTest_003@2d1ef81a]" started-at="2020-06-27T17:26:00 SGT" name="tearDown" finished-at="2020-06-27T17:26:01 SGT" duration-ms="607" status="PASS">
          <reporter-output>
          </reporter-output>
        </test-method> <!-- tearDown -->
      </class> <!-- com.InetBanking.TestCases.TC_AddCustTest_003 -->
    </test> <!-- BankingApp Test -->
  </suite> <!-- InetBankingV1 -->
</testng-results>
